TpTrace Verbose: 0 : 27944, 1, 2023/12/14, 23:42:25.457, 1149258196936, datacollector.dll, Version: 17.8.0-release-23523-03
TpTrace Information: 0 : 27944, 1, 2023/12/14, 23:42:25.477, 1149258390904, datacollector.dll, DataCollectorMain.Run: Starting data collector run with args: --port,62450,--parentprocessid,27384,--diag,D:\CloudCoderHub\GenericRepositoryPatternDotNet8-main\XunitProject\bin\Debug\net8.0\fine-code-coverage\coverage-tool-output\diagnostics.datacollector.23-12-14_23-42-24_82028_5.log,--tracelevel,4
TpTrace Information: 0 : 27944, 1, 2023/12/14, 23:42:25.478, 1149258398570, datacollector.dll, DataCollector: Monitoring parent process with id: '27384'
TpTrace Information: 0 : 27944, 1, 2023/12/14, 23:42:25.505, 1149258674597, datacollector.dll, Trying to connect to server on socket : 127.0.0.1:62450 
TpTrace Verbose: 0 : 27944, 1, 2023/12/14, 23:42:25.541, 1149259035269, datacollector.dll, SocketCommunicationManager : SetupClientAsync : Attempting to connect to the server.
TpTrace Information: 0 : 27944, 6, 2023/12/14, 23:42:25.579, 1149259411690, datacollector.dll, Connected to the server successfully 
TpTrace Information: 0 : 27944, 6, 2023/12/14, 23:42:25.579, 1149259415736, datacollector.dll, Using the buffer size of 16384 bytes
TpTrace Information: 0 : 27944, 1, 2023/12/14, 23:42:25.836, 1149261983470, datacollector.dll, DataCollector: Start Request Processing.
TpTrace Verbose: 0 : 27944, 1, 2023/12/14, 23:42:25.837, 1149261988256, datacollector.dll, SocketCommunicationManager.WaitForServerConnection took: 0 ms, with 90000 ms timeout, and finished with True.
TpTrace Information: 0 : 27944, 1, 2023/12/14, 23:42:25.837, 1149261997943, datacollector.dll, DataCollectionRequestHandler.ProcessRequests: Datacollector received message: (DataCollection.BeforeTestRunStart) -> {"MessageType":"DataCollection.BeforeTestRunStart","Payload":{"SettingsXml":"<RunSettings><RunConfiguration><ResultsDirectory>D:\\CloudCoderHub\\GenericRepositoryPatternDotNet8-main\\XunitProject\\bin\\Debug\\net8.0\\fine-code-coverage\\coverage-tool-output</ResultsDirectory><TargetPlatform>X64</TargetPlatform><TargetFrameworkVersion>.NETCoreApp,Version=v8.0</TargetFrameworkVersion><DesignMode>False</DesignMode><CollectSourceInformation>False</CollectSourceInformation><TestAdaptersPaths>C:\\Program Files\\dotnet\\sdk\\8.0.100\\Extensions</TestAdaptersPaths></RunConfiguration><LoggerRunSettings><Loggers><Logger friendlyName=\"blame\" enabled=\"True\" /><Logger friendlyName=\"Console\" uri=\"logger://microsoft/TestPlatform/ConsoleLogger/v1\" assemblyQualifiedName=\"Microsoft.VisualStudio.TestPlatform.CommandLine.Internal.ConsoleLogger, vstest.console, Version=15.0.0.0, Culture=neutral, PublicKeyToken=b03f5f7f11d50a3a\" codeBase=\"C:\\Program Files\\dotnet\\sdk\\8.0.100\\vstest.console.dll\" enabled=\"True\" /></Loggers></LoggerRunSettings><DataCollectionRunSettings><DataCollectors><DataCollector friendlyName=\"blame\" enabled=\"True\"><Configuration><ResultsDirectory>D:\\CloudCoderHub\\GenericRepositoryPatternDotNet8-main\\XunitProject\\bin\\Debug\\net8.0\\fine-code-coverage\\coverage-tool-output</ResultsDirectory></Configuration></DataCollector></DataCollectors></DataCollectionRunSettings></RunSettings>","Sources":["D:\\CloudCoderHub\\GenericRepositoryPatternDotNet8-main\\XunitProject\\bin\\Debug\\net8.0\\fine-code-coverage\\build-output\\XunitProject.dll"],"IsTelemetryOptedIn":false}}
TpTrace Verbose: 0 : 27944, 1, 2023/12/14, 23:42:25.988, 1149263501443, datacollector.dll, TestPluginCache: Update extensions started. Skip filter = False
TpTrace Verbose: 0 : 27944, 1, 2023/12/14, 23:42:25.993, 1149263552197, datacollector.dll, TestPluginCache: Using directories for assembly resolution 'C:\Program Files\dotnet\sdk\8.0.100\Extensions'.
TpTrace Verbose: 0 : 27944, 1, 2023/12/14, 23:42:25.993, 1149263554622, datacollector.dll, TestPluginCache: Updated the available extensions to 'C:\Program Files\dotnet\sdk\8.0.100\Extensions\Microsoft.TestPlatform.Extensions.BlameDataCollector.dll,C:\Program Files\dotnet\sdk\8.0.100\Extensions\Microsoft.TestPlatform.Extensions.EventLogCollector.dll'.
TpTrace Verbose: 0 : 27944, 1, 2023/12/14, 23:42:26.010, 1149263719297, datacollector.dll, TestPluginCache.DiscoverTestExtensions: finding test extensions in assemblies ends with: Collector.dll TPluginInfo: Microsoft.VisualStudio.TestPlatform.Common.DataCollector.DataCollectorConfig TExtension: Microsoft.VisualStudio.TestPlatform.ObjectModel.DataCollection.DataCollector
TpTrace Verbose: 0 : 27944, 1, 2023/12/14, 23:42:26.013, 1149263756002, datacollector.dll, TestPluginCache.GetExtensionPaths: Filtered extension paths: C:\Program Files\dotnet\sdk\8.0.100\Extensions\Microsoft.TestPlatform.Extensions.BlameDataCollector.dll
C:\Program Files\dotnet\sdk\8.0.100\Extensions\Microsoft.TestPlatform.Extensions.EventLogCollector.dll
TpTrace Verbose: 0 : 27944, 1, 2023/12/14, 23:42:26.014, 1149263759884, datacollector.dll, TestPluginCache.GetExtensionPaths: Added default extension paths: 
TpTrace Verbose: 0 : 27944, 1, 2023/12/14, 23:42:26.014, 1149263767296, datacollector.dll, TestPluginCache.GetExtensionPaths: Added unfilterableExtensionPaths: 
TpTrace Information: 0 : 27944, 1, 2023/12/14, 23:42:26.016, 1149263781957, datacollector.dll, AssemblyResolver.ctor: Creating AssemblyResolver with searchDirectories C:\Program Files\dotnet\sdk\8.0.100\Extensions,C:\Program Files\dotnet\sdk\8.0.100
TpTrace Verbose: 0 : 27944, 1, 2023/12/14, 23:42:26.018, 1149263801520, datacollector.dll, TestPluginCache.DiscoverTestExtensions: Discovering the extensions using extension path.
TpTrace Verbose: 0 : 27944, 1, 2023/12/14, 23:42:26.019, 1149263809504, datacollector.dll, TestPluginCache.GetExtensionPaths: Filtered extension paths: C:\Program Files\dotnet\sdk\8.0.100\Extensions\Microsoft.TestPlatform.Extensions.BlameDataCollector.dll
C:\Program Files\dotnet\sdk\8.0.100\Extensions\Microsoft.TestPlatform.Extensions.EventLogCollector.dll
TpTrace Verbose: 0 : 27944, 1, 2023/12/14, 23:42:26.019, 1149263811572, datacollector.dll, TestPluginCache.GetExtensionPaths: Added default extension paths: 
TpTrace Verbose: 0 : 27944, 1, 2023/12/14, 23:42:26.019, 1149263812791, datacollector.dll, TestPluginCache.GetExtensionPaths: Added unfilterableExtensionPaths: 
TpTrace Verbose: 0 : 27944, 1, 2023/12/14, 23:42:26.019, 1149263815047, datacollector.dll, TestPluginCache.DiscoverTestExtensions: Discovering the extensions using allExtensionPaths: C:\Program Files\dotnet\sdk\8.0.100\Extensions\Microsoft.TestPlatform.Extensions.BlameDataCollector.dll
C:\Program Files\dotnet\sdk\8.0.100\Extensions\Microsoft.TestPlatform.Extensions.EventLogCollector.dll
TpTrace Information: 0 : 27944, 1, 2023/12/14, 23:42:26.020, 1149263820983, datacollector.dll, AssemblyResolver.AddSearchDirectories: Adding more searchDirectories C:\Program Files\dotnet\sdk\8.0.100\Extensions,C:\Program Files\dotnet\sdk\8.0.100
TpTrace Information: 0 : 27944, 1, 2023/12/14, 23:42:26.020, 1149263824024, datacollector.dll, AssemblyResolver.AddSearchDirectories: Adding more searchDirectories C:\Program Files\dotnet\sdk\8.0.100\Extensions,C:\Program Files\dotnet\sdk\8.0.100
TpTrace Information: 0 : 27944, 1, 2023/12/14, 23:42:26.022, 1149263845881, datacollector.dll, AssemblyResolver.OnResolve: Microsoft.TestPlatform.Extensions.BlameDataCollector: Resolving assembly.
TpTrace Information: 0 : 27944, 1, 2023/12/14, 23:42:26.023, 1149263852649, datacollector.dll, AssemblyResolver.OnResolve: Microsoft.TestPlatform.Extensions.BlameDataCollector: Searching in: 'C:\Program Files\dotnet\sdk\8.0.100\Extensions'.
TpTrace Information: 0 : 27944, 1, 2023/12/14, 23:42:26.051, 1149264136364, datacollector.dll, AssemblyResolver.OnResolve: Microsoft.TestPlatform.Extensions.BlameDataCollector: Loading assembly 'C:\Program Files\dotnet\sdk\8.0.100\Extensions\Microsoft.TestPlatform.Extensions.BlameDataCollector.dll'.
TpTrace Information: 0 : 27944, 1, 2023/12/14, 23:42:26.055, 1149264172240, datacollector.dll, AssemblyResolver.OnResolve: Resolved assembly: Microsoft.TestPlatform.Extensions.BlameDataCollector, from path: C:\Program Files\dotnet\sdk\8.0.100\Extensions\Microsoft.TestPlatform.Extensions.BlameDataCollector.dll
TpTrace Verbose: 0 : 27944, 1, 2023/12/14, 23:42:26.069, 1149264317710, datacollector.dll, MetadataReaderExtensionsHelper: Discovering extensions inside assembly 'Microsoft.TestPlatform.Extensions.BlameDataCollector, Version=15.0.0.0, Culture=neutral, PublicKeyToken=b03f5f7f11d50a3a' file path 'C:\Program Files\dotnet\sdk\8.0.100\Extensions\Microsoft.TestPlatform.Extensions.BlameDataCollector.dll'
TpTrace Error: 0 : 27944, 1, 2023/12/14, 23:42:26.077, 1149264395511, datacollector.dll, The type "Microsoft.TestPlatform.Extensions.BlameDataCollector.BlameCollector" defined in "Microsoft.TestPlatform.Extensions.BlameDataCollector.dll" does not have ExtensionUri attribute.
TpTrace Information: 0 : 27944, 1, 2023/12/14, 23:42:26.092, 1149264543515, datacollector.dll, GetTestExtensionFromType: Register extension with identifier data 'datacollector://microsoft/TestPlatform/Extensions/Blame/v1' and type 'Microsoft.TestPlatform.Extensions.BlameDataCollector.BlameCollector, Microsoft.TestPlatform.Extensions.BlameDataCollector, Version=15.0.0.0, Culture=neutral, PublicKeyToken=b03f5f7f11d50a3a' inside file 'C:\Program Files\dotnet\sdk\8.0.100\Extensions\Microsoft.TestPlatform.Extensions.BlameDataCollector.dll'
TpTrace Information: 0 : 27944, 1, 2023/12/14, 23:42:26.092, 1149264546680, datacollector.dll, AssemblyResolver.OnResolve: Microsoft.TestPlatform.Extensions.EventLogCollector: Resolving assembly.
TpTrace Information: 0 : 27944, 1, 2023/12/14, 23:42:26.093, 1149264548198, datacollector.dll, AssemblyResolver.OnResolve: Microsoft.TestPlatform.Extensions.EventLogCollector: Searching in: 'C:\Program Files\dotnet\sdk\8.0.100\Extensions'.
TpTrace Information: 0 : 27944, 1, 2023/12/14, 23:42:26.094, 1149264561413, datacollector.dll, AssemblyResolver.OnResolve: Microsoft.TestPlatform.Extensions.EventLogCollector: Loading assembly 'C:\Program Files\dotnet\sdk\8.0.100\Extensions\Microsoft.TestPlatform.Extensions.EventLogCollector.dll'.
TpTrace Information: 0 : 27944, 1, 2023/12/14, 23:42:26.095, 1149264572245, datacollector.dll, AssemblyResolver.OnResolve: Resolved assembly: Microsoft.TestPlatform.Extensions.EventLogCollector, from path: C:\Program Files\dotnet\sdk\8.0.100\Extensions\Microsoft.TestPlatform.Extensions.EventLogCollector.dll
TpTrace Verbose: 0 : 27944, 1, 2023/12/14, 23:42:26.095, 1149264573847, datacollector.dll, MetadataReaderExtensionsHelper: Discovering extensions inside assembly 'Microsoft.TestPlatform.Extensions.EventLogCollector, Version=15.0.0.0, Culture=neutral, PublicKeyToken=b03f5f7f11d50a3a' file path 'C:\Program Files\dotnet\sdk\8.0.100\Extensions\Microsoft.TestPlatform.Extensions.EventLogCollector.dll'
TpTrace Error: 0 : 27944, 1, 2023/12/14, 23:42:26.100, 1149264626198, datacollector.dll, The type "Microsoft.TestPlatform.Extensions.EventLogCollector.EventLogDataCollector" defined in "Microsoft.TestPlatform.Extensions.EventLogCollector.dll" does not have ExtensionUri attribute.
TpTrace Information: 0 : 27944, 1, 2023/12/14, 23:42:26.103, 1149264650414, datacollector.dll, GetTestExtensionFromType: Register extension with identifier data 'datacollector://microsoft/EventLog/2.0' and type 'Microsoft.TestPlatform.Extensions.EventLogCollector.EventLogDataCollector, Microsoft.TestPlatform.Extensions.EventLogCollector, Version=15.0.0.0, Culture=neutral, PublicKeyToken=b03f5f7f11d50a3a' inside file 'C:\Program Files\dotnet\sdk\8.0.100\Extensions\Microsoft.TestPlatform.Extensions.EventLogCollector.dll'
TpTrace Verbose: 0 : 27944, 1, 2023/12/14, 23:42:26.104, 1149264660204, datacollector.dll, TestPluginCache: Discovered the extensions using extension path 'C:\Program Files\dotnet\sdk\8.0.100\Extensions\Microsoft.TestPlatform.Extensions.BlameDataCollector.dll,C:\Program Files\dotnet\sdk\8.0.100\Extensions\Microsoft.TestPlatform.Extensions.EventLogCollector.dll'.
TpTrace Verbose: 0 : 27944, 1, 2023/12/14, 23:42:26.104, 1149264662520, datacollector.dll, TestPluginCache: Discoverers are ''.
TpTrace Verbose: 0 : 27944, 1, 2023/12/14, 23:42:26.104, 1149264664020, datacollector.dll, TestPluginCache: Executors are ''.
TpTrace Verbose: 0 : 27944, 1, 2023/12/14, 23:42:26.104, 1149264665843, datacollector.dll, TestPluginCache: Executors2 are ''.
TpTrace Verbose: 0 : 27944, 1, 2023/12/14, 23:42:26.104, 1149264667530, datacollector.dll, TestPluginCache: Setting providers are ''.
TpTrace Verbose: 0 : 27944, 1, 2023/12/14, 23:42:26.105, 1149264668354, datacollector.dll, TestPluginCache: Loggers are ''.
TpTrace Verbose: 0 : 27944, 1, 2023/12/14, 23:42:26.105, 1149264668818, datacollector.dll, TestPluginCache: TestHosts are ''.
TpTrace Verbose: 0 : 27944, 1, 2023/12/14, 23:42:26.105, 1149264673418, datacollector.dll, TestPluginCache: DataCollectors are 'datacollector://microsoft/TestPlatform/Extensions/Blame/v1,datacollector://microsoft/EventLog/2.0'.
TpTrace Information: 0 : 27944, 1, 2023/12/14, 23:42:26.110, 1149264723252, datacollector.dll, TestPluginManager.CreateTestExtension: Attempting to load test extension: Microsoft.TestPlatform.Extensions.BlameDataCollector.BlameCollector
TpTrace Information: 0 : 27944, 1, 2023/12/14, 23:42:26.127, 1149264895062, datacollector.dll, [MonitorPostmortemDump]Monitor enabled: 'False'
TpTrace Verbose: 0 : 27944, 1, 2023/12/14, 23:42:26.129, 1149264915948, datacollector.dll, MulticastDelegateUtilities.SafeInvoke: DataCollectionEvents.SessionStart: Invoking callbacks was skipped because there are no subscribers.
TpTrace Information: 0 : 27944, 1, 2023/12/14, 23:42:26.133, 1149264949098, datacollector.dll, Listening on Endpoint : 127.0.0.1:62452
TpTrace Information: 0 : 27944, 1, 2023/12/14, 23:42:26.161, 1149265232159, datacollector.dll, DataCollectionRequestHandler.ProcessRequests : DataCollection started.
TpTrace Information: 0 : 27944, 1, 2023/12/14, 23:42:26.211, 1149265730485, datacollector.dll, DataCollectionRequestHandler.ProcessRequests: Datacollector received message: (DataCollection.TestHostLaunched) -> {"MessageType":"DataCollection.TestHostLaunched","Payload":{"ProcessId":32852}}
TpTrace Verbose: 0 : 27944, 1, 2023/12/14, 23:42:26.219, 1149265813991, datacollector.dll, MulticastDelegateUtilities.SafeInvoke: DataCollectionEvents.TestHostLaunched: Invoking callback 1/1 for Microsoft.TestPlatform.Extensions.BlameDataCollector.BlameCollector., took 3 ms.
TpTrace Verbose: 0 : 27944, 9, 2023/12/14, 23:42:26.964, 1149273258675, datacollector.dll, SocketCommunicationManager.WaitForClientConnection took: 818 ms, with 90000 ms timeout, and finished with True.
TpTrace Information: 0 : 27944, 8, 2023/12/14, 23:42:26.964, 1149273261568, datacollector.dll, Using the buffer size of 16384 bytes
TpTrace Information: 0 : 27944, 8, 2023/12/14, 23:42:26.964, 1149273265969, datacollector.dll, Accepted Client request and set the flag
TpTrace Information: 0 : 27944, 9, 2023/12/14, 23:42:32.216, 1149325783538, datacollector.dll, DataCollectionTestCaseEventHandler: Test case starting.
TpTrace Information: 0 : 27944, 9, 2023/12/14, 23:42:32.233, 1149325954804, datacollector.dll, BlameCollector.EventsTestCaseStart: Test Case Start
TpTrace Verbose: 0 : 27944, 9, 2023/12/14, 23:42:32.233, 1149325957526, datacollector.dll, MulticastDelegateUtilities.SafeInvoke: DataCollectionEvents.TestCaseStart: Invoking callback 1/1 for Microsoft.TestPlatform.Extensions.BlameDataCollector.BlameCollector., took 0 ms.
TpTrace Information: 0 : 27944, 9, 2023/12/14, 23:42:32.234, 1149325961356, datacollector.dll, DataCollectionTestCaseEventHandler: Test case 'XunitProject.EmployeeControllerTests.EmployeeController_GetAllEmployee - eb989397-a367-02a4-3178-3c6299da67e9' started.
TpTrace Information: 0 : 27944, 9, 2023/12/14, 23:42:32.333, 1149326952239, datacollector.dll, DataCollectionTestCaseEventHandler: Test case completing.
TpTrace Information: 0 : 27944, 9, 2023/12/14, 23:42:32.340, 1149327023080, datacollector.dll, BlameCollector.EventsTestCaseEnd: Test Case End
TpTrace Verbose: 0 : 27944, 9, 2023/12/14, 23:42:32.340, 1149327027846, datacollector.dll, MulticastDelegateUtilities.SafeInvoke: DataCollectionEvents.TestCaseEnd: Invoking callback 1/1 for Microsoft.TestPlatform.Extensions.BlameDataCollector.BlameCollector., took 0 ms.
TpTrace Information: 0 : 27944, 9, 2023/12/14, 23:42:32.346, 1149327078962, datacollector.dll, DataCollectionTestCaseEventHandler: Test case 'XunitProject.EmployeeControllerTests.EmployeeController_GetAllEmployee - eb989397-a367-02a4-3178-3c6299da67e9' completed
TpTrace Information: 0 : 27944, 9, 2023/12/14, 23:42:32.363, 1149327253910, datacollector.dll, DataCollectionTestCaseEventHandler: Test case starting.
TpTrace Information: 0 : 27944, 9, 2023/12/14, 23:42:32.367, 1149327295091, datacollector.dll, BlameCollector.EventsTestCaseStart: Test Case Start
TpTrace Verbose: 0 : 27944, 9, 2023/12/14, 23:42:32.368, 1149327299768, datacollector.dll, MulticastDelegateUtilities.SafeInvoke: DataCollectionEvents.TestCaseStart: Invoking callback 1/1 for Microsoft.TestPlatform.Extensions.BlameDataCollector.BlameCollector., took 1 ms.
TpTrace Information: 0 : 27944, 9, 2023/12/14, 23:42:32.369, 1149327316006, datacollector.dll, DataCollectionTestCaseEventHandler: Test case 'XunitProject.EmployeeControllerTests.EmployeeController_DeleteEmployee(id: 1) - cc03536f-bd5f-291b-8aa4-3b6b201e3963' started.
TpTrace Information: 0 : 27944, 9, 2023/12/14, 23:42:32.374, 1149327360902, datacollector.dll, DataCollectionTestCaseEventHandler: Test case completing.
TpTrace Information: 0 : 27944, 9, 2023/12/14, 23:42:32.379, 1149327409571, datacollector.dll, BlameCollector.EventsTestCaseEnd: Test Case End
TpTrace Verbose: 0 : 27944, 9, 2023/12/14, 23:42:32.379, 1149327412959, datacollector.dll, MulticastDelegateUtilities.SafeInvoke: DataCollectionEvents.TestCaseEnd: Invoking callback 1/1 for Microsoft.TestPlatform.Extensions.BlameDataCollector.BlameCollector., took 1 ms.
TpTrace Information: 0 : 27944, 9, 2023/12/14, 23:42:32.380, 1149327420968, datacollector.dll, DataCollectionTestCaseEventHandler: Test case 'XunitProject.EmployeeControllerTests.EmployeeController_DeleteEmployee(id: 1) - cc03536f-bd5f-291b-8aa4-3b6b201e3963' completed
TpTrace Information: 0 : 27944, 9, 2023/12/14, 23:42:32.383, 1149327452270, datacollector.dll, DataCollectionTestCaseEventHandler: Test case starting.
TpTrace Information: 0 : 27944, 9, 2023/12/14, 23:42:32.386, 1149327479545, datacollector.dll, BlameCollector.EventsTestCaseStart: Test Case Start
TpTrace Verbose: 0 : 27944, 9, 2023/12/14, 23:42:32.386, 1149327487653, datacollector.dll, MulticastDelegateUtilities.SafeInvoke: DataCollectionEvents.TestCaseStart: Invoking callback 1/1 for Microsoft.TestPlatform.Extensions.BlameDataCollector.BlameCollector., took 0 ms.
TpTrace Information: 0 : 27944, 9, 2023/12/14, 23:42:32.387, 1149327496232, datacollector.dll, DataCollectionTestCaseEventHandler: Test case 'XunitProject.EmployeeControllerTests.EmployeeController_GetEmployeeById(id: 1) - 76fd1cbe-962e-49a4-d83f-e595890cd308' started.
TpTrace Information: 0 : 27944, 9, 2023/12/14, 23:42:32.390, 1149327519677, datacollector.dll, DataCollectionTestCaseEventHandler: Test case completing.
TpTrace Information: 0 : 27944, 9, 2023/12/14, 23:42:32.392, 1149327539350, datacollector.dll, BlameCollector.EventsTestCaseEnd: Test Case End
TpTrace Verbose: 0 : 27944, 9, 2023/12/14, 23:42:32.392, 1149327541768, datacollector.dll, MulticastDelegateUtilities.SafeInvoke: DataCollectionEvents.TestCaseEnd: Invoking callback 1/1 for Microsoft.TestPlatform.Extensions.BlameDataCollector.BlameCollector., took 0 ms.
TpTrace Information: 0 : 27944, 9, 2023/12/14, 23:42:32.392, 1149327546300, datacollector.dll, DataCollectionTestCaseEventHandler: Test case 'XunitProject.EmployeeControllerTests.EmployeeController_GetEmployeeById(id: 1) - 76fd1cbe-962e-49a4-d83f-e595890cd308' completed
TpTrace Information: 0 : 27944, 9, 2023/12/14, 23:42:32.395, 1149327575203, datacollector.dll, DataCollectionTestCaseEventHandler: Test case starting.
TpTrace Information: 0 : 27944, 9, 2023/12/14, 23:42:32.398, 1149327601831, datacollector.dll, BlameCollector.EventsTestCaseStart: Test Case Start
TpTrace Verbose: 0 : 27944, 9, 2023/12/14, 23:42:32.399, 1149327613962, datacollector.dll, MulticastDelegateUtilities.SafeInvoke: DataCollectionEvents.TestCaseStart: Invoking callback 1/1 for Microsoft.TestPlatform.Extensions.BlameDataCollector.BlameCollector., took 1 ms.
TpTrace Information: 0 : 27944, 9, 2023/12/14, 23:42:32.400, 1149327620502, datacollector.dll, DataCollectionTestCaseEventHandler: Test case 'XunitProject.EmployeeControllerTests.EmployeeController_GetEmployeeById(id: 2) - 49e8eec5-9127-f97e-7bc5-732439c36bfc' started.
TpTrace Information: 0 : 27944, 9, 2023/12/14, 23:42:32.401, 1149327635565, datacollector.dll, DataCollectionTestCaseEventHandler: Test case completing.
TpTrace Information: 0 : 27944, 9, 2023/12/14, 23:42:32.403, 1149327651163, datacollector.dll, BlameCollector.EventsTestCaseEnd: Test Case End
TpTrace Verbose: 0 : 27944, 9, 2023/12/14, 23:42:32.403, 1149327652930, datacollector.dll, MulticastDelegateUtilities.SafeInvoke: DataCollectionEvents.TestCaseEnd: Invoking callback 1/1 for Microsoft.TestPlatform.Extensions.BlameDataCollector.BlameCollector., took 0 ms.
TpTrace Information: 0 : 27944, 9, 2023/12/14, 23:42:32.403, 1149327655503, datacollector.dll, DataCollectionTestCaseEventHandler: Test case 'XunitProject.EmployeeControllerTests.EmployeeController_GetEmployeeById(id: 2) - 49e8eec5-9127-f97e-7bc5-732439c36bfc' completed
TpTrace Information: 0 : 27944, 9, 2023/12/14, 23:42:32.405, 1149327671334, datacollector.dll, DataCollectionTestCaseEventHandler: Test case starting.
TpTrace Information: 0 : 27944, 9, 2023/12/14, 23:42:32.406, 1149327682139, datacollector.dll, BlameCollector.EventsTestCaseStart: Test Case Start
TpTrace Verbose: 0 : 27944, 9, 2023/12/14, 23:42:32.406, 1149327683675, datacollector.dll, MulticastDelegateUtilities.SafeInvoke: DataCollectionEvents.TestCaseStart: Invoking callback 1/1 for Microsoft.TestPlatform.Extensions.BlameDataCollector.BlameCollector., took 0 ms.
TpTrace Information: 0 : 27944, 9, 2023/12/14, 23:42:32.406, 1149327686697, datacollector.dll, DataCollectionTestCaseEventHandler: Test case 'XunitProject.EmployeeControllerTests.EmployeeController_InsertEmployee - 0fe23ad4-69b7-0efb-4a46-38e54a6751f3' started.
TpTrace Information: 0 : 27944, 9, 2023/12/14, 23:42:32.407, 1149327696600, datacollector.dll, DataCollectionTestCaseEventHandler: Test case completing.
TpTrace Information: 0 : 27944, 9, 2023/12/14, 23:42:32.409, 1149327710266, datacollector.dll, BlameCollector.EventsTestCaseEnd: Test Case End
TpTrace Verbose: 0 : 27944, 9, 2023/12/14, 23:42:32.409, 1149327712559, datacollector.dll, MulticastDelegateUtilities.SafeInvoke: DataCollectionEvents.TestCaseEnd: Invoking callback 1/1 for Microsoft.TestPlatform.Extensions.BlameDataCollector.BlameCollector., took 0 ms.
TpTrace Information: 0 : 27944, 9, 2023/12/14, 23:42:32.409, 1149327716822, datacollector.dll, DataCollectionTestCaseEventHandler: Test case 'XunitProject.EmployeeControllerTests.EmployeeController_InsertEmployee - 0fe23ad4-69b7-0efb-4a46-38e54a6751f3' completed
TpTrace Information: 0 : 27944, 9, 2023/12/14, 23:42:32.413, 1149327751078, datacollector.dll, DataCollectionTestCaseEventHandler: Test case starting.
TpTrace Information: 0 : 27944, 9, 2023/12/14, 23:42:32.415, 1149327768302, datacollector.dll, BlameCollector.EventsTestCaseStart: Test Case Start
TpTrace Verbose: 0 : 27944, 9, 2023/12/14, 23:42:32.415, 1149327770604, datacollector.dll, MulticastDelegateUtilities.SafeInvoke: DataCollectionEvents.TestCaseStart: Invoking callback 1/1 for Microsoft.TestPlatform.Extensions.BlameDataCollector.BlameCollector., took 0 ms.
TpTrace Information: 0 : 27944, 9, 2023/12/14, 23:42:32.415, 1149327775035, datacollector.dll, DataCollectionTestCaseEventHandler: Test case 'XunitProject.EmployeeControllerTests.EmployeeController_UpdateEmployee - abcec643-7e95-ea2f-54bc-b6e209653c15' started.
TpTrace Information: 0 : 27944, 9, 2023/12/14, 23:42:32.417, 1149327791243, datacollector.dll, DataCollectionTestCaseEventHandler: Test case completing.
TpTrace Information: 0 : 27944, 9, 2023/12/14, 23:42:32.418, 1149327805937, datacollector.dll, BlameCollector.EventsTestCaseEnd: Test Case End
TpTrace Verbose: 0 : 27944, 9, 2023/12/14, 23:42:32.419, 1149327808324, datacollector.dll, MulticastDelegateUtilities.SafeInvoke: DataCollectionEvents.TestCaseEnd: Invoking callback 1/1 for Microsoft.TestPlatform.Extensions.BlameDataCollector.BlameCollector., took 0 ms.
TpTrace Information: 0 : 27944, 9, 2023/12/14, 23:42:32.419, 1149327811591, datacollector.dll, DataCollectionTestCaseEventHandler: Test case 'XunitProject.EmployeeControllerTests.EmployeeController_UpdateEmployee - abcec643-7e95-ea2f-54bc-b6e209653c15' completed
TpTrace Information: 0 : 27944, 9, 2023/12/14, 23:42:32.446, 1149328082653, datacollector.dll, DataCollectionTestCaseEventHandler: Test session ended
TpTrace Information: 0 : 27944, 1, 2023/12/14, 23:42:32.687, 1149330489740, datacollector.dll, DataCollectionRequestHandler.ProcessRequests: Datacollector received message: (DataCollection.AfterTestRunEnd) -> {"MessageType":"DataCollection.AfterTestRunEnd","Payload":false}
TpTrace Information: 0 : 27944, 1, 2023/12/14, 23:42:32.689, 1149330512484, datacollector.dll, Blame Collector: Session End
TpTrace Information: 0 : 27944, 1, 2023/12/14, 23:42:32.689, 1149330514176, datacollector.dll, BlameCollector.CollectDumpAndAbortTesthost: Custom path to dump directory was provided via VSTEST_DUMP_PATH. Skipping attachment upload, the caller is responsible for collecting and uploading the dumps themselves.
TpTrace Verbose: 0 : 27944, 1, 2023/12/14, 23:42:32.689, 1149330515480, datacollector.dll, MulticastDelegateUtilities.SafeInvoke: DataCollectionEvents.SessionEnd: Invoking callback 1/1 for Microsoft.TestPlatform.Extensions.BlameDataCollector.BlameCollector., took 0 ms.
TpTrace Information: 0 : 27944, 1, 2023/12/14, 23:42:32.691, 1149330529251, datacollector.dll, DataCollectionManager.CleanupPlugins: CleanupPlugins called
TpTrace Verbose: 0 : 27944, 1, 2023/12/14, 23:42:32.691, 1149330530566, datacollector.dll, DataCollectionManager.CleanupPlugins: Cleaning up 1 plugins
TpTrace Verbose: 0 : 27944, 1, 2023/12/14, 23:42:32.691, 1149330533351, datacollector.dll, dataCollectorInfo.DisposeDataCollector: calling Dispose() on Microsoft.TestPlatform.Extensions.BlameDataCollector.BlameCollector
TpTrace Information: 0 : 27944, 1, 2023/12/14, 23:42:32.691, 1149330534933, datacollector.dll, DataCollectionManager.CleanupPlugins: CleanupPlugins finished
TpTrace Information: 0 : 27944, 1, 2023/12/14, 23:42:32.698, 1149330603298, datacollector.dll, DataCollectionRequestHandler.ProcessRequests : Session End message received from server. Closing the connection.
TpTrace Information: 0 : 27944, 1, 2023/12/14, 23:42:32.698, 1149330607432, datacollector.dll, Closing the connection !
TpTrace Information: 0 : 27944, 1, 2023/12/14, 23:42:32.699, 1149330608265, datacollector.dll, DataCollectionRequestHandler.ProcessRequests : DataCollection completed
TpTrace Information: 0 : 27944, 1, 2023/12/14, 23:42:32.699, 1149330609269, datacollector.dll, Program.Main: exiting datacollector process.
